<?xml version="1.0" encoding="UTF-8"?>
<!-- Generated by org.testng.reporters.JUnitXMLReporter -->
<testsuite ignored="0" hostname="Abhisheks-MacBook-Pro-4.local" failures="0" tests="14" name="Surefire test" time="23.667" errors="0" timestamp="2023-08-27T20:01:02 IST">
  <testcase classname="api.test.UserTests" name="testPostUser" time="2.47"/>
  <testcase classname="api.test.UserTests" name="testGetUser" time="1.576"/>
  <testcase classname="api.test.UserTests" name="testUpdateUser" time="2.969"/>
  <testcase classname="api.test.UserTests" name="testDeleteUser" time="1.413"/>
  <testcase classname="api.test.DDTests" name="testPostuser" time="1.514"/>
  <testcase classname="api.test.DDTests" name="testPostuser" time="1.355"/>
  <testcase classname="api.test.DDTests" name="testPostuser" time="1.101"/>
  <testcase classname="api.test.DDTests" name="testPostuser" time="1.535"/>
  <testcase classname="api.test.DDTests" name="testPostuser" time="1.332"/>
  <testcase classname="api.test.DDTests" name="testDeleteUserByName" time="1.283"/>
  <testcase classname="api.test.DDTests" name="testDeleteUserByName" time="1.328"/>
  <testcase classname="api.test.DDTests" name="testDeleteUserByName" time="1.435"/>
  <testcase classname="api.test.DDTests" name="testDeleteUserByName" time="1.106"/>
  <testcase classname="api.test.DDTests" name="testDeleteUserByName" time="1.56"/>
</testsuite> <!-- Surefire test -->
