<?xml version="1.0" encoding="UTF-8"?>
<!-- Generated by org.testng.reporters.JUnitXMLReporter -->
<testsuite ignored="0" hostname="Abhisheks-MacBook-Pro-4.local" failures="0" tests="10" name="Default test" time="15.906" errors="0" timestamp="2023-08-27T17:12:54 IST">
  <testcase classname="api.test.DDTests" name="testPostuser" time="2.362"/>
  <testcase classname="api.test.DDTests" name="testPostuser" time="1.513"/>
  <testcase classname="api.test.DDTests" name="testPostuser" time="1.532"/>
  <testcase classname="api.test.DDTests" name="testPostuser" time="1.536"/>
  <testcase classname="api.test.DDTests" name="testPostuser" time="1.534"/>
  <testcase classname="api.test.DDTests" name="testDeleteUserByName" time="1.04"/>
  <testcase classname="api.test.DDTests" name="testDeleteUserByName" time="1.16"/>
  <testcase classname="api.test.DDTests" name="testDeleteUserByName" time="1.433"/>
  <testcase classname="api.test.DDTests" name="testDeleteUserByName" time="1.329"/>
  <testcase classname="api.test.DDTests" name="testDeleteUserByName" time="1.535"/>
</testsuite> <!-- Default test -->
