<?xml version="1.0" encoding="UTF-8"?>
<testsuite xmlns:xsi="http://www.w3.org/2001/XMLSchema-instance" xsi:noNamespaceSchemaLocation="https://maven.apache.org/surefire/maven-surefire-plugin/xsd/surefire-test-report-3.0.xsd" version="3.0" name="TestSuite" time="23.972" tests="14" errors="0" skipped="0" failures="0">
  <properties>
[...]
</properties>
  <testcase name="testPostUser" classname="api.test.UserTests" time="2.47">
    <system-out><![CDATA[HTTP/1.1 200 OK
Date: Sun, 27 Aug 2023 14:30:42 GMT
Content-Type: application/json
Transfer-Encoding: chunked
Connection: keep-alive
Access-Control-Allow-Origin: *
Access-Control-Allow-Methods: GET, POST, DELETE, PUT
Access-Control-Allow-Headers: Content-Type, api_key, Authorization
Server: Jetty(9.2.9.v20150224)

{
    "code": 200,
    "type": "unknown",
    "message": "306612792"
}
]]></system-out>
    <system-err><![CDATA[SLF4J: Failed to load class "org.slf4j.impl.StaticLoggerBinder".
SLF4J: Defaulting to no-operation (NOP) logger implementation
SLF4J: See http://www.slf4j.org/codes.html#StaticLoggerBinder for further details.
]]></system-err>
  </testcase>
  <testcase name="testGetUser" classname="api.test.UserTests" time="1.576">
    <system-out><![CDATA[HTTP/1.1 200 OK
Date: Sun, 27 Aug 2023 14:30:44 GMT
Content-Type: application/json
Transfer-Encoding: chunked
Connection: keep-alive
Access-Control-Allow-Origin: *
Access-Control-Allow-Methods: GET, POST, DELETE, PUT
Access-Control-Allow-Headers: Content-Type, api_key, Authorization
Server: Jetty(9.2.9.v20150224)

{
    "id": 306612792,
    "username": "moira.emard",
    "firstName": "Iona",
    "lastName": "Dicki",
    "email": "albert.lind@example.com",
    "password": "4jl33",
    "phone": "1-411-553-4592",
    "userStatus": 0
}
]]></system-out>
  </testcase>
  <testcase name="testUpdateUser" classname="api.test.UserTests" time="2.968">
    <system-out><![CDATA[HTTP/1.1 200 OK
Date: Sun, 27 Aug 2023 14:30:45 GMT
Content-Type: application/json
Transfer-Encoding: chunked
Connection: keep-alive
Access-Control-Allow-Origin: *
Access-Control-Allow-Methods: GET, POST, DELETE, PUT
Access-Control-Allow-Headers: Content-Type, api_key, Authorization
Server: Jetty(9.2.9.v20150224)

{
    "code": 200,
    "type": "unknown",
    "message": "306612792"
}
HTTP/1.1 200 OK
Date: Sun, 27 Aug 2023 14:30:47 GMT
Content-Type: application/json
Transfer-Encoding: chunked
Connection: keep-alive
Access-Control-Allow-Origin: *
Access-Control-Allow-Methods: GET, POST, DELETE, PUT
Access-Control-Allow-Headers: Content-Type, api_key, Authorization
Server: Jetty(9.2.9.v20150224)

{
    "id": 306612792,
    "username": "moira.emard",
    "firstName": "Keenan",
    "lastName": "Shanahan",
    "email": "rozanne.marks@example.com",
    "password": "4jl33",
    "phone": "1-411-553-4592",
    "userStatus": 0
}
]]></system-out>
  </testcase>
  <testcase name="testDeleteUser" classname="api.test.UserTests" time="1.413"/>
  <testcase name="testPostuser[1010, testuser1, Abhishek, Das, a@gmail.com, test@1, 9564705375](1)" classname="api.test.DDTests" time="1.513"/>
  <testcase name="testPostuser[1020, testuser2, Debasis, Dass, b@gmail.com, test@2, 9456789866](2)" classname="api.test.DDTests" time="1.355"/>
  <testcase name="testPostuser[1030, testuser3, Rina, Das, c@gmail.com, test@3, 9434112730](3)" classname="api.test.DDTests" time="1.102"/>
  <testcase name="testPostuser[1040, testuser4, Ambali, Rana, d@gmail.com, test@4, 8759451724](4)" classname="api.test.DDTests" time="1.535"/>
  <testcase name="testPostuser[1050, testuser5, Shreya, Das, e@gmail.com, test@5, 8957254729](5)" classname="api.test.DDTests" time="1.331"/>
  <testcase name="testDeleteUserByName[testuser1](1)" classname="api.test.DDTests" time="1.283"/>
  <testcase name="testDeleteUserByName[testuser2](2)" classname="api.test.DDTests" time="1.328"/>
  <testcase name="testDeleteUserByName[testuser3](3)" classname="api.test.DDTests" time="1.435"/>
  <testcase name="testDeleteUserByName[testuser4](4)" classname="api.test.DDTests" time="1.106"/>
  <testcase name="testDeleteUserByName[testuser5](5)" classname="api.test.DDTests" time="1.561"/>
</testsuite>