<?xml version="1.0" encoding="UTF-8"?>
<testng-results ignored="0" total="14" passed="14" failed="0" skipped="0">
  <reporter-output>
  </reporter-output>
  <suite started-at="2023-08-27T20:00:39 IST" name="Surefire suite" finished-at="2023-08-27T20:01:02 IST" duration-ms="23667">
    <groups>
    </groups>
    <test started-at="2023-08-27T20:00:39 IST" name="Surefire test" finished-at="2023-08-27T20:01:02 IST" duration-ms="23667">
      <class name="api.test.UserTests">
        <test-method is-config="true" signature="setupDdata()[pri:0, instance:api.test.UserTests@7d68ef40]" started-at="2023-08-27T20:00:39 IST" name="setupDdata" finished-at="2023-08-27T20:00:40 IST" duration-ms="748" status="PASS">
          <reporter-output>
          </reporter-output>
        </test-method> <!-- setupDdata -->
        <test-method signature="testPostUser()[pri:1, instance:api.test.UserTests@7d68ef40]" started-at="2023-08-27T20:00:40 IST" name="testPostUser" finished-at="2023-08-27T20:00:42 IST" duration-ms="2470" status="PASS">
          <reporter-output>
          </reporter-output>
        </test-method> <!-- testPostUser -->
        <test-method signature="testGetUser()[pri:2, instance:api.test.UserTests@7d68ef40]" started-at="2023-08-27T20:00:42 IST" name="testGetUser" finished-at="2023-08-27T20:00:44 IST" duration-ms="1576" status="PASS">
          <reporter-output>
          </reporter-output>
        </test-method> <!-- testGetUser -->
        <test-method signature="testUpdateUser()[pri:3, instance:api.test.UserTests@7d68ef40]" started-at="2023-08-27T20:00:44 IST" name="testUpdateUser" finished-at="2023-08-27T20:00:47 IST" duration-ms="2969" status="PASS">
          <reporter-output>
          </reporter-output>
        </test-method> <!-- testUpdateUser -->
        <test-method signature="testDeleteUser()[pri:4, instance:api.test.UserTests@7d68ef40]" started-at="2023-08-27T20:00:47 IST" name="testDeleteUser" finished-at="2023-08-27T20:00:48 IST" duration-ms="1413" status="PASS">
          <reporter-output>
          </reporter-output>
        </test-method> <!-- testDeleteUser -->
      </class> <!-- api.test.UserTests -->
      <class name="api.test.DDTests">
        <test-method signature="testPostuser(java.lang.String,java.lang.String,java.lang.String,java.lang.String,java.lang.String,java.lang.String,java.lang.String)[pri:1, instance:api.test.DDTests@2893de87]" started-at="2023-08-27T20:00:49 IST" name="testPostuser" data-provider="Data" finished-at="2023-08-27T20:00:50 IST" duration-ms="1514" status="PASS">
          <params>
            <param index="0">
              <value>
                <![CDATA[1010]]>
              </value>
            </param>
            <param index="1">
              <value>
                <![CDATA[testuser1]]>
              </value>
            </param>
            <param index="2">
              <value>
                <![CDATA[Abhishek]]>
              </value>
            </param>
            <param index="3">
              <value>
                <![CDATA[Das]]>
              </value>
            </param>
            <param index="4">
              <value>
                <![CDATA[a@gmail.com]]>
              </value>
            </param>
            <param index="5">
              <value>
                <![CDATA[test@1]]>
              </value>
            </param>
            <param index="6">
              <value>
                <![CDATA[9564705375]]>
              </value>
            </param>
          </params>
          <reporter-output>
          </reporter-output>
        </test-method> <!-- testPostuser -->
        <test-method signature="testPostuser(java.lang.String,java.lang.String,java.lang.String,java.lang.String,java.lang.String,java.lang.String,java.lang.String)[pri:1, instance:api.test.DDTests@2893de87]" started-at="2023-08-27T20:00:50 IST" name="testPostuser" data-provider="Data" finished-at="2023-08-27T20:00:52 IST" duration-ms="1355" status="PASS">
          <params>
            <param index="0">
              <value>
                <![CDATA[1020]]>
              </value>
            </param>
            <param index="1">
              <value>
                <![CDATA[testuser2]]>
              </value>
            </param>
            <param index="2">
              <value>
                <![CDATA[Debasis]]>
              </value>
            </param>
            <param index="3">
              <value>
                <![CDATA[Dass]]>
              </value>
            </param>
            <param index="4">
              <value>
                <![CDATA[b@gmail.com]]>
              </value>
            </param>
            <param index="5">
              <value>
                <![CDATA[test@2]]>
              </value>
            </param>
            <param index="6">
              <value>
                <![CDATA[9456789866]]>
              </value>
            </param>
          </params>
          <reporter-output>
          </reporter-output>
        </test-method> <!-- testPostuser -->
        <test-method signature="testPostuser(java.lang.String,java.lang.String,java.lang.String,java.lang.String,java.lang.String,java.lang.String,java.lang.String)[pri:1, instance:api.test.DDTests@2893de87]" started-at="2023-08-27T20:00:52 IST" name="testPostuser" data-provider="Data" finished-at="2023-08-27T20:00:53 IST" duration-ms="1101" status="PASS">
          <params>
            <param index="0">
              <value>
                <![CDATA[1030]]>
              </value>
            </param>
            <param index="1">
              <value>
                <![CDATA[testuser3]]>
              </value>
            </param>
            <param index="2">
              <value>
                <![CDATA[Rina]]>
              </value>
            </param>
            <param index="3">
              <value>
                <![CDATA[Das]]>
              </value>
            </param>
            <param index="4">
              <value>
                <![CDATA[c@gmail.com]]>
              </value>
            </param>
            <param index="5">
              <value>
                <![CDATA[test@3]]>
              </value>
            </param>
            <param index="6">
              <value>
                <![CDATA[9434112730]]>
              </value>
            </param>
          </params>
          <reporter-output>
          </reporter-output>
        </test-method> <!-- testPostuser -->
        <test-method signature="testPostuser(java.lang.String,java.lang.String,java.lang.String,java.lang.String,java.lang.String,java.lang.String,java.lang.String)[pri:1, instance:api.test.DDTests@2893de87]" started-at="2023-08-27T20:00:53 IST" name="testPostuser" data-provider="Data" finished-at="2023-08-27T20:00:54 IST" duration-ms="1535" status="PASS">
          <params>
            <param index="0">
              <value>
                <![CDATA[1040]]>
              </value>
            </param>
            <param index="1">
              <value>
                <![CDATA[testuser4]]>
              </value>
            </param>
            <param index="2">
              <value>
                <![CDATA[Ambali]]>
              </value>
            </param>
            <param index="3">
              <value>
                <![CDATA[Rana]]>
              </value>
            </param>
            <param index="4">
              <value>
                <![CDATA[d@gmail.com]]>
              </value>
            </param>
            <param index="5">
              <value>
                <![CDATA[test@4]]>
              </value>
            </param>
            <param index="6">
              <value>
                <![CDATA[8759451724]]>
              </value>
            </param>
          </params>
          <reporter-output>
          </reporter-output>
        </test-method> <!-- testPostuser -->
        <test-method signature="testPostuser(java.lang.String,java.lang.String,java.lang.String,java.lang.String,java.lang.String,java.lang.String,java.lang.String)[pri:1, instance:api.test.DDTests@2893de87]" started-at="2023-08-27T20:00:54 IST" name="testPostuser" data-provider="Data" finished-at="2023-08-27T20:00:56 IST" duration-ms="1332" status="PASS">
          <params>
            <param index="0">
              <value>
                <![CDATA[1050]]>
              </value>
            </param>
            <param index="1">
              <value>
                <![CDATA[testuser5]]>
              </value>
            </param>
            <param index="2">
              <value>
                <![CDATA[Shreya]]>
              </value>
            </param>
            <param index="3">
              <value>
                <![CDATA[Das]]>
              </value>
            </param>
            <param index="4">
              <value>
                <![CDATA[e@gmail.com]]>
              </value>
            </param>
            <param index="5">
              <value>
                <![CDATA[test@5]]>
              </value>
            </param>
            <param index="6">
              <value>
                <![CDATA[8957254729]]>
              </value>
            </param>
          </params>
          <reporter-output>
          </reporter-output>
        </test-method> <!-- testPostuser -->
        <test-method signature="testDeleteUserByName(java.lang.String)[pri:2, instance:api.test.DDTests@2893de87]" started-at="2023-08-27T20:00:56 IST" name="testDeleteUserByName" data-provider="UserNames" finished-at="2023-08-27T20:00:57 IST" duration-ms="1283" status="PASS">
          <params>
            <param index="0">
              <value>
                <![CDATA[testuser1]]>
              </value>
            </param>
          </params>
          <reporter-output>
          </reporter-output>
        </test-method> <!-- testDeleteUserByName -->
        <test-method signature="testDeleteUserByName(java.lang.String)[pri:2, instance:api.test.DDTests@2893de87]" started-at="2023-08-27T20:00:57 IST" name="testDeleteUserByName" data-provider="UserNames" finished-at="2023-08-27T20:00:58 IST" duration-ms="1328" status="PASS">
          <params>
            <param index="0">
              <value>
                <![CDATA[testuser2]]>
              </value>
            </param>
          </params>
          <reporter-output>
          </reporter-output>
        </test-method> <!-- testDeleteUserByName -->
        <test-method signature="testDeleteUserByName(java.lang.String)[pri:2, instance:api.test.DDTests@2893de87]" started-at="2023-08-27T20:00:58 IST" name="testDeleteUserByName" data-provider="UserNames" finished-at="2023-08-27T20:01:00 IST" duration-ms="1435" status="PASS">
          <params>
            <param index="0">
              <value>
                <![CDATA[testuser3]]>
              </value>
            </param>
          </params>
          <reporter-output>
          </reporter-output>
        </test-method> <!-- testDeleteUserByName -->
        <test-method signature="testDeleteUserByName(java.lang.String)[pri:2, instance:api.test.DDTests@2893de87]" started-at="2023-08-27T20:01:00 IST" name="testDeleteUserByName" data-provider="UserNames" finished-at="2023-08-27T20:01:01 IST" duration-ms="1106" status="PASS">
          <params>
            <param index="0">
              <value>
                <![CDATA[testuser4]]>
              </value>
            </param>
          </params>
          <reporter-output>
          </reporter-output>
        </test-method> <!-- testDeleteUserByName -->
        <test-method signature="testDeleteUserByName(java.lang.String)[pri:2, instance:api.test.DDTests@2893de87]" started-at="2023-08-27T20:01:01 IST" name="testDeleteUserByName" data-provider="UserNames" finished-at="2023-08-27T20:01:02 IST" duration-ms="1560" status="PASS">
          <params>
            <param index="0">
              <value>
                <![CDATA[testuser5]]>
              </value>
            </param>
          </params>
          <reporter-output>
          </reporter-output>
        </test-method> <!-- testDeleteUserByName -->
      </class> <!-- api.test.DDTests -->
    </test> <!-- Surefire test -->
  </suite> <!-- Surefire suite -->
</testng-results>
