<?xml version="1.0" encoding="UTF-8"?>
<testng-results ignored="0" total="4" passed="4" failed="0" skipped="0">
  <reporter-output>
  </reporter-output>
  <suite started-at="2023-08-27T19:40:15 IST" name="PetSuite" finished-at="2023-08-27T19:40:23 IST" duration-ms="8870">
    <groups>
    </groups>
    <test started-at="2023-08-27T19:40:15 IST" name="PetTest" finished-at="2023-08-27T19:40:23 IST" duration-ms="8870">
      <class name="api.test.UserTests2">
        <test-method is-config="true" signature="setupDdata()[pri:0, instance:api.test.UserTests2@636be97c]" started-at="2023-08-27T19:40:15 IST" name="setupDdata" finished-at="2023-08-27T19:40:15 IST" duration-ms="631" status="PASS">
          <reporter-output>
          </reporter-output>
        </test-method> <!-- setupDdata -->
        <test-method signature="testPostUser()[pri:1, instance:api.test.UserTests2@636be97c]" started-at="2023-08-27T19:40:15 IST" name="testPostUser" finished-at="2023-08-27T19:40:18 IST" duration-ms="2857" status="PASS">
          <reporter-output>
          </reporter-output>
        </test-method> <!-- testPostUser -->
        <test-method signature="testGetUser()[pri:2, instance:api.test.UserTests2@636be97c]" started-at="2023-08-27T19:40:18 IST" name="testGetUser" finished-at="2023-08-27T19:40:20 IST" duration-ms="1585" status="PASS">
          <reporter-output>
          </reporter-output>
        </test-method> <!-- testGetUser -->
        <test-method signature="testUpdateUser()[pri:3, instance:api.test.UserTests2@636be97c]" started-at="2023-08-27T19:40:20 IST" name="testUpdateUser" finished-at="2023-08-27T19:40:22 IST" duration-ms="2230" status="PASS">
          <reporter-output>
          </reporter-output>
        </test-method> <!-- testUpdateUser -->
        <test-method signature="testDeleteUser()[pri:4, instance:api.test.UserTests2@636be97c]" started-at="2023-08-27T19:40:22 IST" name="testDeleteUser" finished-at="2023-08-27T19:40:23 IST" duration-ms="1347" status="PASS">
          <reporter-output>
          </reporter-output>
        </test-method> <!-- testDeleteUser -->
      </class> <!-- api.test.UserTests2 -->
    </test> <!-- PetTest -->
  </suite> <!-- PetSuite -->
</testng-results>
