<?xml version="1.0" encoding="UTF-8"?>
<!-- Generated by org.testng.reporters.JUnitXMLReporter -->
<testsuite ignored="0" hostname="Abhisheks-MacBook-Pro-4.local" failures="0" tests="4" name="PetTest" time="8.87" errors="0" timestamp="2023-08-27T19:40:24 IST">
  <testcase classname="api.test.UserTests2" name="testPostUser" time="2.857"/>
  <testcase classname="api.test.UserTests2" name="testGetUser" time="1.585"/>
  <testcase classname="api.test.UserTests2" name="testUpdateUser" time="2.23"/>
  <testcase classname="api.test.UserTests2" name="testDeleteUser" time="1.347"/>
</testsuite> <!-- PetTest -->
